::1 - - [26/Jun/2023:13:24:47 +0000] "POST /auth/register HTTP/1.1" 201 389
::1 - - [26/Jun/2023:13:25:19 +0000] "OPTIONS /auth/login HTTP/1.1" 204 0
::1 - - [26/Jun/2023:13:25:20 +0000] "POST /auth/login HTTP/1.1" 200 557
::1 - - [26/Jun/2023:13:25:20 +0000] "OPTIONS /users/6499919ef84c16fd213c31d6 HTTP/1.1" 204 0
::1 - - [26/Jun/2023:13:25:20 +0000] "OPTIONS /posts HTTP/1.1" 204 0
::1 - - [26/Jun/2023:13:25:20 +0000] "OPTIONS /users/6499919ef84c16fd213c31d6/friends HTTP/1.1" 204 0
::1 - - [26/Jun/2023:13:25:20 +0000] "OPTIONS /users/6499919ef84c16fd213c31d6 HTTP/1.1" 204 0
::1 - - [26/Jun/2023:13:25:20 +0000] "OPTIONS /posts HTTP/1.1" 204 0
::1 - - [26/Jun/2023:13:25:20 +0000] "OPTIONS /users/6499919ef84c16fd213c31d6/friends HTTP/1.1" 204 0
::1 - - [26/Jun/2023:13:25:20 +0000] "GET /assets/info4.jpeg HTTP/1.1" 304 -
::1 - - [26/Jun/2023:13:25:20 +0000] "GET /assets/p4.jpeg HTTP/1.1" 200 91750
::1 - - [26/Jun/2023:13:25:20 +0000] "GET /users/6499919ef84c16fd213c31d6 HTTP/1.1" 200 389
::1 - - [26/Jun/2023:13:25:20 +0000] "GET /posts HTTP/1.1" 304 -
::1 - - [26/Jun/2023:13:25:20 +0000] "GET /posts HTTP/1.1" 304 -
::1 - - [26/Jun/2023:13:25:20 +0000] "GET /users/6499919ef84c16fd213c31d6 HTTP/1.1" 304 -
::1 - - [26/Jun/2023:13:25:24 +0000] "GET /users/6499919ef84c16fd213c31d6/friends HTTP/1.1" 200 2
::1 - - [26/Jun/2023:13:25:24 +0000] "GET /users/6499919ef84c16fd213c31d6/friends HTTP/1.1" 304 -
::1 - - [26/Jun/2023:14:32:18 +0000] "POST /auth/login HTTP/1.1" 200 557
::1 - - [26/Jun/2023:14:32:18 +0000] "GET /users/6499919ef84c16fd213c31d6 HTTP/1.1" 304 -
::1 - - [26/Jun/2023:14:32:18 +0000] "GET /posts HTTP/1.1" 304 -
::1 - - [26/Jun/2023:14:32:18 +0000] "GET /posts HTTP/1.1" 304 -
::1 - - [26/Jun/2023:14:32:18 +0000] "GET /users/6499919ef84c16fd213c31d6 HTTP/1.1" 304 -
::1 - - [26/Jun/2023:14:32:20 +0000] "GET /users/6499919ef84c16fd213c31d6/friends HTTP/1.1" 304 -
::1 - - [26/Jun/2023:14:32:20 +0000] "GET /users/6499919ef84c16fd213c31d6/friends HTTP/1.1" 304 -
::1 - - [26/Jun/2023:14:32:50 +0000] "POST /posts HTTP/1.1" 201 331
::1 - - [27/Jun/2023:09:01:15 +0000] "POST /auth/login HTTP/1.1" 200 557
::1 - - [27/Jun/2023:09:01:15 +0000] "GET /posts HTTP/1.1" 200 331
::1 - - [27/Jun/2023:09:01:15 +0000] "GET /users/6499919ef84c16fd213c31d6 HTTP/1.1" 200 389
::1 - - [27/Jun/2023:09:01:15 +0000] "GET /users/6499919ef84c16fd213c31d6 HTTP/1.1" 304 -
::1 - - [27/Jun/2023:09:01:15 +0000] "GET /posts HTTP/1.1" 304 -
::1 - - [27/Jun/2023:09:01:16 +0000] "GET /users/6499919ef84c16fd213c31d6/friends HTTP/1.1" 200 2
::1 - - [27/Jun/2023:09:01:17 +0000] "GET /users/6499919ef84c16fd213c31d6/friends HTTP/1.1" 304 -
::1 - - [27/Jun/2023:10:49:49 +0000] "POST /auth/login HTTP/1.1" 200 557
::1 - - [27/Jun/2023:10:49:50 +0000] "GET /posts HTTP/1.1" 304 -
::1 - - [27/Jun/2023:10:49:50 +0000] "GET /users/6499919ef84c16fd213c31d6 HTTP/1.1" 304 -
::1 - - [27/Jun/2023:10:49:50 +0000] "GET /posts HTTP/1.1" 304 -
::1 - - [27/Jun/2023:10:49:50 +0000] "GET /users/6499919ef84c16fd213c31d6 HTTP/1.1" 304 -
::1 - - [27/Jun/2023:11:20:04 +0000] "GET /users/6499919ef84c16fd213c31d6/friends HTTP/1.1" 304 -
::1 - - [27/Jun/2023:11:20:04 +0000] "GET /users/6499919ef84c16fd213c31d6/friends HTTP/1.1" 304 -
::1 - - [27/Jun/2023:11:20:10 +0000] "GET /posts HTTP/1.1" 200 4209
::1 - - [27/Jun/2023:11:20:10 +0000] "GET /users/6499919ef84c16fd213c31d6 HTTP/1.1" 304 -
::1 - - [27/Jun/2023:11:20:10 +0000] "GET /users/6499919ef84c16fd213c31d6/friends HTTP/1.1" 304 -
::1 - - [27/Jun/2023:11:20:10 +0000] "GET /posts HTTP/1.1" 304 -
::1 - - [27/Jun/2023:11:20:10 +0000] "GET /users/6499919ef84c16fd213c31d6/friends HTTP/1.1" 304 -
::1 - - [27/Jun/2023:11:20:10 +0000] "GET /users/6499919ef84c16fd213c31d6 HTTP/1.1" 304 -
::1 - - [27/Jun/2023:11:20:14 +0000] "GET /users/649ac5da41a8f2e0b708ca3e HTTP/1.1" - -
::1 - - [27/Jun/2023:11:20:14 +0000] "GET /users/649ac5da41a8f2e0b708ca3e HTTP/1.1" - -
::1 - - [27/Jun/2023:11:20:14 +0000] "GET /users/649ac5da41a8f2e0b708ca3e HTTP/1.1" 200 379
::1 - - [27/Jun/2023:11:20:14 +0000] "GET /users/649ac5da41a8f2e0b708ca3e HTTP/1.1" 304 -
::1 - - [27/Jun/2023:11:20:15 +0000] "GET /posts/649ac5da41a8f2e0b708ca3e/posts HTTP/1.1" 200 552
::1 - - [27/Jun/2023:11:20:15 +0000] "GET /users/649ac5da41a8f2e0b708ca3e/friends HTTP/1.1" 200 2
::1 - - [27/Jun/2023:11:20:15 +0000] "GET /users/649ac5da41a8f2e0b708ca3e HTTP/1.1" 304 -
::1 - - [27/Jun/2023:11:20:15 +0000] "GET /posts/649ac5da41a8f2e0b708ca3e/posts HTTP/1.1" 304 -
::1 - - [27/Jun/2023:11:20:15 +0000] "GET /users/649ac5da41a8f2e0b708ca3e/friends HTTP/1.1" 304 -
::1 - - [27/Jun/2023:11:20:15 +0000] "GET /users/649ac5da41a8f2e0b708ca3e HTTP/1.1" 304 -
::1 - - [27/Jun/2023:11:20:25 +0000] "GET /users/6499919ef84c16fd213c31d6/friends HTTP/1.1" 304 -
::1 - - [27/Jun/2023:11:20:25 +0000] "GET /posts HTTP/1.1" 304 -
::1 - - [27/Jun/2023:11:20:25 +0000] "GET /users/6499919ef84c16fd213c31d6 HTTP/1.1" 304 -
::1 - - [27/Jun/2023:11:20:25 +0000] "GET /posts HTTP/1.1" 304 -
::1 - - [27/Jun/2023:11:20:25 +0000] "GET /users/6499919ef84c16fd213c31d6 HTTP/1.1" 304 -
::1 - - [27/Jun/2023:11:20:25 +0000] "GET /users/6499919ef84c16fd213c31d6/friends HTTP/1.1" 304 -
::1 - - [27/Jun/2023:11:20:32 +0000] "PATCH /users/6499919ef84c16fd213c31d6/649ac5da41a8f2e0b708ca3e HTTP/1.1" 200 151
::1 - - [27/Jun/2023:11:20:37 +0000] "GET /users/6499919ef84c16fd213c31d6 HTTP/1.1" 200 415
::1 - - [27/Jun/2023:11:20:37 +0000] "GET /posts HTTP/1.1" 304 -
::1 - - [27/Jun/2023:11:20:38 +0000] "GET /posts HTTP/1.1" 304 -
::1 - - [27/Jun/2023:11:20:38 +0000] "GET /users/6499919ef84c16fd213c31d6 HTTP/1.1" 304 -
::1 - - [27/Jun/2023:11:20:38 +0000] "GET /users/6499919ef84c16fd213c31d6/friends HTTP/1.1" 200 151
::1 - - [27/Jun/2023:11:20:38 +0000] "GET /users/6499919ef84c16fd213c31d6/friends HTTP/1.1" 304 -
::1 - - [27/Jun/2023:11:20:44 +0000] "GET /users/6499919ef84c16fd213c31d6 HTTP/1.1" 304 -
::1 - - [27/Jun/2023:11:20:44 +0000] "GET /users/6499919ef84c16fd213c31d6 HTTP/1.1" 304 -
::1 - - [27/Jun/2023:11:20:44 +0000] "GET /posts/6499919ef84c16fd213c31d6/posts HTTP/1.1" 200 331
::1 - - [27/Jun/2023:11:20:44 +0000] "GET /users/6499919ef84c16fd213c31d6 HTTP/1.1" 304 -
::1 - - [27/Jun/2023:11:20:44 +0000] "GET /posts/6499919ef84c16fd213c31d6/posts HTTP/1.1" 304 -
::1 - - [27/Jun/2023:11:20:44 +0000] "GET /users/6499919ef84c16fd213c31d6/friends HTTP/1.1" 304 -
::1 - - [27/Jun/2023:11:20:44 +0000] "GET /users/6499919ef84c16fd213c31d6 HTTP/1.1" 304 -
::1 - - [27/Jun/2023:11:20:45 +0000] "GET /users/6499919ef84c16fd213c31d6/friends HTTP/1.1" 304 -
::1 - - [27/Jun/2023:11:20:48 +0000] "GET /users/649ac5da41a8f2e0b708ca3e HTTP/1.1" 200 405
::1 - - [27/Jun/2023:11:20:48 +0000] "GET /users/649ac5da41a8f2e0b708ca3e HTTP/1.1" 304 -
::1 - - [27/Jun/2023:11:20:48 +0000] "GET /posts/649ac5da41a8f2e0b708ca3e/posts HTTP/1.1" 304 -
::1 - - [27/Jun/2023:11:20:49 +0000] "GET /users/649ac5da41a8f2e0b708ca3e HTTP/1.1" 304 -
::1 - - [27/Jun/2023:11:20:49 +0000] "GET /posts/649ac5da41a8f2e0b708ca3e/posts HTTP/1.1" 304 -
::1 - - [27/Jun/2023:11:20:49 +0000] "GET /users/649ac5da41a8f2e0b708ca3e/friends HTTP/1.1" 200 149
::1 - - [27/Jun/2023:11:20:49 +0000] "GET /users/649ac5da41a8f2e0b708ca3e HTTP/1.1" 304 -
::1 - - [27/Jun/2023:11:20:49 +0000] "GET /users/649ac5da41a8f2e0b708ca3e/friends HTTP/1.1" 304 -
::1 - - [27/Jun/2023:11:20:55 +0000] "GET /posts HTTP/1.1" 304 -
::1 - - [27/Jun/2023:11:20:55 +0000] "GET /users/6499919ef84c16fd213c31d6 HTTP/1.1" 304 -
::1 - - [27/Jun/2023:11:20:55 +0000] "GET /users/6499919ef84c16fd213c31d6/friends HTTP/1.1" 304 -
::1 - - [27/Jun/2023:11:20:55 +0000] "GET /users/6499919ef84c16fd213c31d6 HTTP/1.1" 304 -
::1 - - [27/Jun/2023:11:20:55 +0000] "GET /posts HTTP/1.1" 304 -
::1 - - [27/Jun/2023:11:20:56 +0000] "GET /users/6499919ef84c16fd213c31d6/friends HTTP/1.1" 304 -
::1 - - [27/Jun/2023:11:21:00 +0000] "GET /users/649ac5da41a8f2e0b708ca40 HTTP/1.1" 200 385
::1 - - [27/Jun/2023:11:21:00 +0000] "GET /users/649ac5da41a8f2e0b708ca40 HTTP/1.1" - -
::1 - - [27/Jun/2023:11:21:00 +0000] "GET /posts/649ac5da41a8f2e0b708ca40/posts HTTP/1.1" - -
::1 - - [27/Jun/2023:11:21:00 +0000] "GET /users/649ac5da41a8f2e0b708ca40/friends HTTP/1.1" - -
::1 - - [27/Jun/2023:11:21:02 +0000] "GET /users/649ac5da41a8f2e0b708ca40 HTTP/1.1" 200 385
::1 - - [27/Jun/2023:11:21:02 +0000] "GET /users/649ac5da41a8f2e0b708ca40 HTTP/1.1" 304 -
::1 - - [27/Jun/2023:11:21:02 +0000] "GET /posts/649ac5da41a8f2e0b708ca40/posts HTTP/1.1" 200 641
::1 - - [27/Jun/2023:11:21:02 +0000] "GET /users/649ac5da41a8f2e0b708ca40/friends HTTP/1.1" 200 2
::1 - - [27/Jun/2023:11:21:02 +0000] "GET /users/649ac5da41a8f2e0b708ca40 HTTP/1.1" 304 -
::1 - - [27/Jun/2023:11:21:02 +0000] "GET /posts/649ac5da41a8f2e0b708ca40/posts HTTP/1.1" 304 -
::1 - - [27/Jun/2023:11:21:02 +0000] "GET /users/649ac5da41a8f2e0b708ca40/friends HTTP/1.1" 304 -
::1 - - [27/Jun/2023:11:21:02 +0000] "GET /users/649ac5da41a8f2e0b708ca40 HTTP/1.1" 304 -
::1 - - [27/Jun/2023:11:21:07 +0000] "GET /posts HTTP/1.1" 304 -
::1 - - [27/Jun/2023:11:21:07 +0000] "GET /users/6499919ef84c16fd213c31d6 HTTP/1.1" 304 -
::1 - - [27/Jun/2023:11:21:07 +0000] "GET /posts HTTP/1.1" 304 -
::1 - - [27/Jun/2023:11:21:07 +0000] "GET /users/6499919ef84c16fd213c31d6 HTTP/1.1" 304 -
::1 - - [27/Jun/2023:11:21:07 +0000] "GET /users/6499919ef84c16fd213c31d6/friends HTTP/1.1" 304 -
::1 - - [27/Jun/2023:11:21:08 +0000] "GET /users/6499919ef84c16fd213c31d6/friends HTTP/1.1" 304 -
::1 - - [27/Jun/2023:11:21:13 +0000] "GET /users/649ac5da41a8f2e0b708ca42 HTTP/1.1" 200 386
::1 - - [27/Jun/2023:11:21:13 +0000] "GET /users/649ac5da41a8f2e0b708ca42 HTTP/1.1" - -
::1 - - [27/Jun/2023:11:21:13 +0000] "GET /posts/649ac5da41a8f2e0b708ca42/posts HTTP/1.1" - -
::1 - - [27/Jun/2023:11:21:13 +0000] "GET /users/649ac5da41a8f2e0b708ca42/friends HTTP/1.1" - -
::1 - - [27/Jun/2023:11:21:13 +0000] "GET /users/649ac5da41a8f2e0b708ca42 HTTP/1.1" 200 386
::1 - - [27/Jun/2023:11:21:13 +0000] "GET /users/649ac5da41a8f2e0b708ca42 HTTP/1.1" 304 -
::1 - - [27/Jun/2023:11:21:13 +0000] "GET /posts/649ac5da41a8f2e0b708ca42/posts HTTP/1.1" 200 745
::1 - - [27/Jun/2023:11:21:13 +0000] "GET /users/649ac5da41a8f2e0b708ca42/friends HTTP/1.1" 200 2
::1 - - [27/Jun/2023:11:21:14 +0000] "GET /users/649ac5da41a8f2e0b708ca42 HTTP/1.1" 304 -
::1 - - [27/Jun/2023:11:21:14 +0000] "GET /posts/649ac5da41a8f2e0b708ca42/posts HTTP/1.1" 304 -
::1 - - [27/Jun/2023:11:21:14 +0000] "GET /users/649ac5da41a8f2e0b708ca42/friends HTTP/1.1" 304 -
::1 - - [27/Jun/2023:11:21:14 +0000] "GET /users/649ac5da41a8f2e0b708ca42 HTTP/1.1" 304 -
::1 - - [27/Jun/2023:11:21:19 +0000] "GET /posts HTTP/1.1" 304 -
::1 - - [27/Jun/2023:11:21:19 +0000] "GET /users/6499919ef84c16fd213c31d6 HTTP/1.1" 304 -
::1 - - [27/Jun/2023:11:21:19 +0000] "GET /posts HTTP/1.1" 304 -
::1 - - [27/Jun/2023:11:21:19 +0000] "GET /users/6499919ef84c16fd213c31d6 HTTP/1.1" 304 -
::1 - - [27/Jun/2023:11:21:19 +0000] "GET /users/6499919ef84c16fd213c31d6/friends HTTP/1.1" 304 -
::1 - - [27/Jun/2023:11:21:19 +0000] "GET /users/6499919ef84c16fd213c31d6/friends HTTP/1.1" 304 -
::1 - - [27/Jun/2023:11:24:01 +0000] "PATCH /users/6499919ef84c16fd213c31d6/649ac5da41a8f2e0b708ca3e HTTP/1.1" 200 2
::1 - - [27/Jun/2023:11:24:08 +0000] "PATCH /users/6499919ef84c16fd213c31d6/649ac5da41a8f2e0b708ca3e HTTP/1.1" 200 151
::1 - - [27/Jun/2023:13:52:06 +0000] "POST /auth/login HTTP/1.1" 200 583
::1 - - [27/Jun/2023:13:52:06 +0000] "GET /assets/undefined HTTP/1.1" 404 155
::1 - - [27/Jun/2023:13:52:07 +0000] "GET /users/6499919ef84c16fd213c31d6 HTTP/1.1" 200 415
::1 - - [27/Jun/2023:13:52:07 +0000] "GET /posts HTTP/1.1" 304 -
::1 - - [27/Jun/2023:13:52:07 +0000] "GET /users/6499919ef84c16fd213c31d6 HTTP/1.1" 304 -
::1 - - [27/Jun/2023:13:52:07 +0000] "GET /posts HTTP/1.1" 304 -
::1 - - [27/Jun/2023:13:52:09 +0000] "GET /users/6499919ef84c16fd213c31d6/friends HTTP/1.1" 304 -
::1 - - [27/Jun/2023:13:52:09 +0000] "GET /users/6499919ef84c16fd213c31d6/friends HTTP/1.1" 304 -
::1 - - [27/Jun/2023:13:59:51 +0000] "POST /auth/register HTTP/1.1" 500 119
::1 - - [27/Jun/2023:14:02:45 +0000] "POST /auth/register HTTP/1.1" 201 386
::1 - - [27/Jun/2023:14:05:20 +0000] "POST /auth/login HTTP/1.1" 200 554
::1 - - [27/Jun/2023:14:05:20 +0000] "GET /users/649aec05605db9ed3424d6ac HTTP/1.1" 200 386
::1 - - [27/Jun/2023:14:05:20 +0000] "GET /posts HTTP/1.1" 304 -
::1 - - [27/Jun/2023:14:05:21 +0000] "GET /users/649aec05605db9ed3424d6ac HTTP/1.1" 304 -
::1 - - [27/Jun/2023:14:05:21 +0000] "GET /posts HTTP/1.1" 304 -
::1 - - [27/Jun/2023:14:05:29 +0000] "PATCH /posts/6499a19231ab2d4015773702/like HTTP/1.1" 200 360
::1 - - [27/Jun/2023:14:05:32 +0000] "PATCH /users/649aec05605db9ed3424d6ac/6499919ef84c16fd213c31d6 HTTP/1.1" 200 149
::1 - - [27/Jun/2023:14:46:01 +0000] "POST /auth/register HTTP/1.1" - -
::1 - - [27/Jun/2023:14:47:15 +0000] "POST /auth/register HTTP/1.1" 500 299
::1 - - [27/Jun/2023:14:52:19 +0000] "POST /auth/register HTTP/1.1" 201 384
